{"/Users/miladarbabi/Codes/projects/winlo/packages/api/src/app.ts": {"path":"/Users/miladarbabi/Codes/projects/winlo/packages/api/src/app.ts","statementMap":{"0":{"start":{"line":2,"column":0},"end":{"line":2,"column":30}},"1":{"start":{"line":3,"column":0},"end":{"line":3,"column":24}},"2":{"start":{"line":4,"column":0},"end":{"line":4,"column":28}},"3":{"start":{"line":5,"column":0},"end":{"line":5,"column":43}},"4":{"start":{"line":6,"column":0},"end":{"line":6,"column":49}},"5":{"start":{"line":9,"column":0},"end":{"line":9,"column":50}},"6":{"start":{"line":11,"column":12},"end":{"line":11,"column":21}},"7":{"start":{"line":14,"column":0},"end":{"line":14,"column":18}},"8":{"start":{"line":17,"column":16},"end":{"line":17,"column":61}},"9":{"start":{"line":18,"column":0},"end":{"line":18,"column":62}},"10":{"start":{"line":21,"column":0},"end":{"line":28,"column":2}},"11":{"start":{"line":31,"column":0},"end":{"line":31,"column":20}},"12":{"start":{"line":34,"column":0},"end":{"line":34,"column":24}},"13":{"start":{"line":37,"column":0},"end":{"line":37,"column":25}},"14":{"start":{"line":40,"column":0},"end":{"line":40,"column":62}},"15":{"start":{"line":40,"column":34},"end":{"line":40,"column":60}},"16":{"start":{"line":43,"column":0},"end":{"line":46,"column":3}},"17":{"start":{"line":44,"column":2},"end":{"line":44,"column":43}},"18":{"start":{"line":45,"column":2},"end":{"line":45,"column":59}},"19":{"start":{"line":48,"column":0},"end":{"line":48,"column":19}}},"fnMap":{"0":{"name":"(anonymous_1)","decl":{"start":{"line":40,"column":19},"end":{"line":40,"column":20}},"loc":{"start":{"line":40,"column":34},"end":{"line":40,"column":60}}},"1":{"name":"(anonymous_2)","decl":{"start":{"line":43,"column":8},"end":{"line":43,"column":9}},"loc":{"start":{"line":43,"column":96},"end":{"line":46,"column":1}}}},"branchMap":{"0":{"loc":{"start":{"line":17,"column":16},"end":{"line":17,"column":61}},"type":"binary-expr","locations":[{"start":{"line":17,"column":16},"end":{"line":17,"column":55}},{"start":{"line":17,"column":59},"end":{"line":17,"column":61}}]},"1":{"loc":{"start":{"line":17,"column":16},"end":{"line":17,"column":55}},"type":"cond-expr","locations":[{"start":{"line":17,"column":43},"end":{"line":17,"column":45}},{"start":{"line":17,"column":43},"end":{"line":17,"column":55}}]},"2":{"loc":{"start":{"line":17,"column":16},"end":{"line":17,"column":45}},"type":"binary-expr","locations":[{"start":{"line":17,"column":16},"end":{"line":17,"column":45}},{"start":{"line":17,"column":43},"end":{"line":17,"column":45}}]}},"s":{"0":2,"1":2,"2":2,"3":2,"4":2,"5":2,"6":2,"7":2,"8":2,"9":2,"10":2,"11":2,"12":2,"13":2,"14":2,"15":0,"16":2,"17":2,"18":2,"19":2},"f":{"0":0,"1":2},"b":{"0":[2,2],"1":[2,0],"2":[2,2]}}
,"/Users/miladarbabi/Codes/projects/winlo/packages/api/src/logger.ts": {"path":"/Users/miladarbabi/Codes/projects/winlo/packages/api/src/logger.ts","statementMap":{"0":{"start":{"line":2,"column":0},"end":{"line":2,"column":24}},"1":{"start":{"line":3,"column":0},"end":{"line":3,"column":33}},"2":{"start":{"line":5,"column":13},"end":{"line":11,"column":3}},"3":{"start":{"line":13,"column":13},"end":{"line":13,"column":47}}},"fnMap":{},"branchMap":{"0":{"loc":{"start":{"line":6,"column":9},"end":{"line":6,"column":40}},"type":"binary-expr","locations":[{"start":{"line":6,"column":9},"end":{"line":6,"column":30}},{"start":{"line":6,"column":34},"end":{"line":6,"column":40}}]}},"s":{"0":5,"1":5,"2":5,"3":5},"f":{},"b":{"0":[5,5]}}
,"/Users/miladarbabi/Codes/projects/winlo/packages/api/src/redis.ts": {"path":"/Users/miladarbabi/Codes/projects/winlo/packages/api/src/redis.ts","statementMap":{"0":{"start":{"line":2,"column":0},"end":{"line":2,"column":37}},"1":{"start":{"line":3,"column":0},"end":{"line":3,"column":37}},"2":{"start":{"line":6,"column":13},"end":{"line":8,"column":3}},"3":{"start":{"line":10,"column":0},"end":{"line":12,"column":3}},"4":{"start":{"line":11,"column":2},"end":{"line":11,"column":46}},"5":{"start":{"line":15,"column":0},"end":{"line":19,"column":5}},"6":{"start":{"line":16,"column":6},"end":{"line":18,"column":9}},"7":{"start":{"line":17,"column":8},"end":{"line":17,"column":60}}},"fnMap":{"0":{"name":"(anonymous_0)","decl":{"start":{"line":10,"column":24},"end":{"line":10,"column":27}},"loc":{"start":{"line":10,"column":30},"end":{"line":12,"column":1}}},"1":{"name":"(anonymous_1)","decl":{"start":{"line":16,"column":34},"end":{"line":16,"column":37}},"loc":{"start":{"line":16,"column":40},"end":{"line":18,"column":7}}}},"branchMap":{"0":{"loc":{"start":{"line":7,"column":7},"end":{"line":7,"column":56}},"type":"binary-expr","locations":[{"start":{"line":7,"column":7},"end":{"line":7,"column":28}},{"start":{"line":7,"column":32},"end":{"line":7,"column":56}}]},"1":{"loc":{"start":{"line":15,"column":0},"end":{"line":19,"column":5}},"type":"if","locations":[{"start":{"line":15,"column":0},"end":{"line":19,"column":5}}]}},"s":{"0":5,"1":5,"2":5,"3":5,"4":0,"5":5,"6":2,"7":1},"f":{"0":0,"1":1},"b":{"0":[5,5],"1":[2]}}
,"/Users/miladarbabi/Codes/projects/winlo/packages/api/src/routes/products.ts": {"path":"/Users/miladarbabi/Codes/projects/winlo/packages/api/src/routes/products.ts","statementMap":{"0":{"start":{"line":2,"column":0},"end":{"line":2,"column":33}},"1":{"start":{"line":3,"column":0},"end":{"line":3,"column":24}},"2":{"start":{"line":4,"column":0},"end":{"line":4,"column":26}},"3":{"start":{"line":5,"column":0},"end":{"line":5,"column":38}},"4":{"start":{"line":6,"column":0},"end":{"line":6,"column":42}},"5":{"start":{"line":8,"column":22},"end":{"line":14,"column":2}},"6":{"start":{"line":17,"column":2},"end":{"line":22,"column":4}},"7":{"start":{"line":26,"column":15},"end":{"line":26,"column":23}},"8":{"start":{"line":28,"column":0},"end":{"line":105,"column":3}},"9":{"start":{"line":28,"column":41},"end":{"line":105,"column":2}},"10":{"start":{"line":30,"column":17},"end":{"line":30,"column":51}},"11":{"start":{"line":31,"column":2},"end":{"line":34,"column":3}},"12":{"start":{"line":32,"column":4},"end":{"line":32,"column":65}},"13":{"start":{"line":33,"column":4},"end":{"line":33,"column":103}},"14":{"start":{"line":35,"column":69},"end":{"line":35,"column":80}},"15":{"start":{"line":37,"column":2},"end":{"line":104,"column":3}},"16":{"start":{"line":39,"column":19},"end":{"line":39,"column":58}},"17":{"start":{"line":41,"column":2},"end":{"line":47,"column":3}},"18":{"start":{"line":42,"column":19},"end":{"line":42,"column":50}},"19":{"start":{"line":43,"column":4},"end":{"line":46,"column":5}},"20":{"start":{"line":44,"column":6},"end":{"line":44,"column":45}},"21":{"start":{"line":45,"column":6},"end":{"line":45,"column":42}},"22":{"start":{"line":50,"column":17},"end":{"line":61,"column":52}},"23":{"start":{"line":63,"column":24},"end":{"line":63,"column":34}},"24":{"start":{"line":64,"column":24},"end":{"line":64,"column":57}},"25":{"start":{"line":66,"column":10},"end":{"line":70,"column":11}},"26":{"start":{"line":68,"column":26},"end":{"line":68,"column":36}},"27":{"start":{"line":69,"column":12},"end":{"line":69,"column":69}},"28":{"start":{"line":72,"column":10},"end":{"line":78,"column":11}},"29":{"start":{"line":73,"column":28},"end":{"line":73,"column":72}},"30":{"start":{"line":74,"column":12},"end":{"line":76,"column":13}},"31":{"start":{"line":75,"column":14},"end":{"line":75,"column":83}},"32":{"start":{"line":77,"column":12},"end":{"line":77,"column":37}},"33":{"start":{"line":81,"column":19},"end":{"line":87,"column":56}},"34":{"start":{"line":89,"column":4},"end":{"line":89,"column":62}},"35":{"start":{"line":89,"column":14},"end":{"line":89,"column":62}},"36":{"start":{"line":90,"column":4},"end":{"line":93,"column":34}},"37":{"start":{"line":95,"column":17},"end":{"line":95,"column":25}},"38":{"start":{"line":96,"column":20},"end":{"line":96,"column":70}},"39":{"start":{"line":98,"column":4},"end":{"line":100,"column":5}},"40":{"start":{"line":99,"column":6},"end":{"line":99,"column":75}},"41":{"start":{"line":101,"column":4},"end":{"line":101,"column":29}},"42":{"start":{"line":103,"column":4},"end":{"line":103,"column":14}},"43":{"start":{"line":107,"column":0},"end":{"line":107,"column":22}}},"fnMap":{"0":{"name":"mapRow","decl":{"start":{"line":16,"column":9},"end":{"line":16,"column":15}},"loc":{"start":{"line":16,"column":22},"end":{"line":23,"column":1}}},"1":{"name":"(anonymous_9)","decl":{"start":{"line":28,"column":16},"end":{"line":28,"column":23}},"loc":{"start":{"line":28,"column":41},"end":{"line":105,"column":2}}},"2":{"name":"(anonymous_10)","decl":{"start":{"line":28,"column":41},"end":{"line":28,"column":null}},"loc":{"start":{"line":28,"column":41},"end":{"line":105,"column":1}}}},"branchMap":{"0":{"loc":{"start":{"line":31,"column":2},"end":{"line":34,"column":3}},"type":"if","locations":[{"start":{"line":31,"column":2},"end":{"line":34,"column":3}}]},"1":{"loc":{"start":{"line":35,"column":16},"end":{"line":35,"column":26}},"type":"default-arg","locations":[{"start":{"line":35,"column":24},"end":{"line":35,"column":26}}]},"2":{"loc":{"start":{"line":35,"column":28},"end":{"line":35,"column":36}},"type":"default-arg","locations":[{"start":{"line":35,"column":35},"end":{"line":35,"column":36}}]},"3":{"loc":{"start":{"line":35,"column":38},"end":{"line":35,"column":49}},"type":"default-arg","locations":[{"start":{"line":35,"column":45},"end":{"line":35,"column":49}}]},"4":{"loc":{"start":{"line":35,"column":51},"end":{"line":35,"column":64}},"type":"default-arg","locations":[{"start":{"line":35,"column":59},"end":{"line":35,"column":64}}]},"5":{"loc":{"start":{"line":41,"column":2},"end":{"line":47,"column":3}},"type":"if","locations":[{"start":{"line":41,"column":2},"end":{"line":47,"column":3}}]},"6":{"loc":{"start":{"line":43,"column":4},"end":{"line":46,"column":5}},"type":"if","locations":[{"start":{"line":43,"column":4},"end":{"line":46,"column":5}}]},"7":{"loc":{"start":{"line":66,"column":10},"end":{"line":70,"column":11}},"type":"if","locations":[{"start":{"line":66,"column":10},"end":{"line":70,"column":11}}]},"8":{"loc":{"start":{"line":72,"column":10},"end":{"line":78,"column":11}},"type":"if","locations":[{"start":{"line":72,"column":10},"end":{"line":78,"column":11}}]},"9":{"loc":{"start":{"line":72,"column":14},"end":{"line":72,"column":52}},"type":"binary-expr","locations":[{"start":{"line":72,"column":14},"end":{"line":72,"column":24}},{"start":{"line":72,"column":28},"end":{"line":72,"column":52}}]},"10":{"loc":{"start":{"line":74,"column":12},"end":{"line":76,"column":13}},"type":"if","locations":[{"start":{"line":74,"column":12},"end":{"line":76,"column":13}}]},"11":{"loc":{"start":{"line":89,"column":4},"end":{"line":89,"column":62}},"type":"if","locations":[{"start":{"line":89,"column":4},"end":{"line":89,"column":62}}]},"12":{"loc":{"start":{"line":98,"column":4},"end":{"line":100,"column":5}},"type":"if","locations":[{"start":{"line":98,"column":4},"end":{"line":100,"column":5}}]}},"s":{"0":2,"1":2,"2":2,"3":2,"4":2,"5":2,"6":4,"7":2,"8":2,"9":8,"10":8,"11":8,"12":1,"13":1,"14":7,"15":7,"16":7,"17":7,"18":1,"19":1,"20":1,"21":1,"22":6,"23":6,"24":4,"25":4,"26":1,"27":1,"28":3,"29":0,"30":0,"31":0,"32":0,"33":3,"34":3,"35":3,"36":3,"37":3,"38":3,"39":3,"40":0,"41":3,"42":2,"43":2},"f":{"0":4,"1":8,"2":8},"b":{"0":[1],"1":[6],"2":[6],"3":[6],"4":[6],"5":[1],"6":[1],"7":[1],"8":[0],"9":[3,0],"10":[0],"11":[3],"12":[0]}}
,"/Users/miladarbabi/Codes/projects/winlo/packages/api/src/routes/route.ts": {"path":"/Users/miladarbabi/Codes/projects/winlo/packages/api/src/routes/route.ts","statementMap":{"0":{"start":{"line":1,"column":0},"end":{"line":1,"column":33}},"1":{"start":{"line":2,"column":0},"end":{"line":2,"column":24}},"2":{"start":{"line":3,"column":0},"end":{"line":3,"column":26}},"3":{"start":{"line":24,"column":2},"end":{"line":24,"column":42}},"4":{"start":{"line":27,"column":13},"end":{"line":29,"column":3}},"5":{"start":{"line":31,"column":15},"end":{"line":31,"column":23}},"6":{"start":{"line":33,"column":0},"end":{"line":91,"column":3}},"7":{"start":{"line":33,"column":42},"end":{"line":91,"column":2}},"8":{"start":{"line":35,"column":17},"end":{"line":35,"column":55}},"9":{"start":{"line":36,"column":2},"end":{"line":38,"column":3}},"10":{"start":{"line":37,"column":4},"end":{"line":37,"column":94}},"11":{"start":{"line":39,"column":25},"end":{"line":39,"column":36}},"12":{"start":{"line":41,"column":2},"end":{"line":90,"column":3}},"13":{"start":{"line":43,"column":17},"end":{"line":55,"column":50}},"14":{"start":{"line":58,"column":32},"end":{"line":63,"column":7}},"15":{"start":{"line":58,"column":47},"end":{"line":63,"column":6}},"16":{"start":{"line":66,"column":18},"end":{"line":66,"column":32}},"17":{"start":{"line":67,"column":29},"end":{"line":67,"column":31}},"18":{"start":{"line":68,"column":24},"end":{"line":68,"column":25}},"19":{"start":{"line":69,"column":22},"end":{"line":69,"column":35}},"20":{"start":{"line":71,"column":4},"end":{"line":85,"column":5}},"21":{"start":{"line":72,"column":20},"end":{"line":72,"column":21}},"22":{"start":{"line":73,"column":21},"end":{"line":73,"column":62}},"23":{"start":{"line":74,"column":6},"end":{"line":80,"column":7}},"24":{"start":{"line":74,"column":19},"end":{"line":74,"column":20}},"25":{"start":{"line":75,"column":18},"end":{"line":75,"column":59}},"26":{"start":{"line":76,"column":8},"end":{"line":79,"column":9}},"27":{"start":{"line":77,"column":10},"end":{"line":77,"column":23}},"28":{"start":{"line":78,"column":10},"end":{"line":78,"column":22}},"29":{"start":{"line":81,"column":19},"end":{"line":81,"column":50}},"30":{"start":{"line":82,"column":6},"end":{"line":82,"column":32}},"31":{"start":{"line":83,"column":6},"end":{"line":83,"column":23}},"32":{"start":{"line":84,"column":6},"end":{"line":84,"column":30}},"33":{"start":{"line":87,"column":4},"end":{"line":87,"column":39}},"34":{"start":{"line":89,"column":4},"end":{"line":89,"column":14}},"35":{"start":{"line":93,"column":0},"end":{"line":93,"column":22}}},"fnMap":{"0":{"name":"euclidean","decl":{"start":{"line":23,"column":9},"end":{"line":23,"column":18}},"loc":{"start":{"line":23,"column":75},"end":{"line":25,"column":1}}},"1":{"name":"(anonymous_9)","decl":{"start":{"line":33,"column":17},"end":{"line":33,"column":24}},"loc":{"start":{"line":33,"column":42},"end":{"line":91,"column":2}}},"2":{"name":"(anonymous_10)","decl":{"start":{"line":33,"column":42},"end":{"line":33,"column":null}},"loc":{"start":{"line":33,"column":42},"end":{"line":91,"column":1}}},"3":{"name":"(anonymous_11)","decl":{"start":{"line":58,"column":41},"end":{"line":58,"column":42}},"loc":{"start":{"line":58,"column":47},"end":{"line":63,"column":6}}}},"branchMap":{"0":{"loc":{"start":{"line":36,"column":2},"end":{"line":38,"column":3}},"type":"if","locations":[{"start":{"line":36,"column":2},"end":{"line":38,"column":3}}]},"1":{"loc":{"start":{"line":76,"column":8},"end":{"line":79,"column":9}},"type":"if","locations":[{"start":{"line":76,"column":8},"end":{"line":79,"column":9}}]}},"s":{"0":2,"1":2,"2":2,"3":3,"4":2,"5":2,"6":2,"7":2,"8":2,"9":2,"10":1,"11":1,"12":1,"13":1,"14":1,"15":2,"16":1,"17":1,"18":1,"19":1,"20":1,"21":2,"22":2,"23":2,"24":2,"25":1,"26":1,"27":0,"28":0,"29":2,"30":2,"31":2,"32":2,"33":1,"34":0,"35":2},"f":{"0":3,"1":2,"2":2,"3":2},"b":{"0":[1],"1":[0]}}
,"/Users/miladarbabi/Codes/projects/winlo/packages/api/src/routes/v1/index.ts": {"path":"/Users/miladarbabi/Codes/projects/winlo/packages/api/src/routes/v1/index.ts","statementMap":{"0":{"start":{"line":2,"column":0},"end":{"line":2,"column":33}},"1":{"start":{"line":3,"column":0},"end":{"line":3,"column":44}},"2":{"start":{"line":4,"column":0},"end":{"line":4,"column":41}},"3":{"start":{"line":6,"column":15},"end":{"line":6,"column":23}},"4":{"start":{"line":9,"column":0},"end":{"line":9,"column":40}},"5":{"start":{"line":10,"column":0},"end":{"line":10,"column":37}},"6":{"start":{"line":12,"column":0},"end":{"line":12,"column":22}}},"fnMap":{},"branchMap":{},"s":{"0":2,"1":2,"2":2,"3":2,"4":2,"5":2,"6":2},"f":{},"b":{}}
}
