TN:
SF:src/app.ts
FN:40,(anonymous_1)
FN:43,(anonymous_2)
FNF:2
FNH:1
FNDA:0,(anonymous_1)
FNDA:2,(anonymous_2)
DA:2,2
DA:3,2
DA:4,2
DA:5,2
DA:6,2
DA:9,2
DA:11,2
DA:14,2
DA:17,2
DA:18,2
DA:21,2
DA:31,2
DA:34,2
DA:37,2
DA:40,2
DA:43,2
DA:44,2
DA:45,2
DA:48,2
LF:19
LH:19
BRDA:17,0,0,2
BRDA:17,0,1,2
BRDA:17,1,0,2
BRDA:17,1,1,0
BRDA:17,2,0,2
BRDA:17,2,1,2
BRF:6
BRH:5
end_of_record
TN:
SF:src/logger.ts
FNF:0
FNH:0
DA:2,5
DA:3,5
DA:5,5
DA:13,5
LF:4
LH:4
BRDA:6,0,0,5
BRDA:6,0,1,5
BRF:2
BRH:2
end_of_record
TN:
SF:src/redis.ts
FN:10,(anonymous_0)
FN:16,(anonymous_1)
FNF:2
FNH:1
FNDA:0,(anonymous_0)
FNDA:1,(anonymous_1)
DA:2,5
DA:3,5
DA:6,5
DA:10,5
DA:11,0
DA:15,5
DA:16,2
DA:17,1
LF:8
LH:7
BRDA:7,0,0,5
BRDA:7,0,1,5
BRDA:15,1,0,2
BRF:3
BRH:3
end_of_record
TN:
SF:src/routes/products.ts
FN:16,mapRow
FN:28,(anonymous_9)
FN:28,(anonymous_10)
FNF:3
FNH:3
FNDA:4,mapRow
FNDA:8,(anonymous_9)
FNDA:8,(anonymous_10)
DA:2,2
DA:3,2
DA:4,2
DA:5,2
DA:6,2
DA:8,2
DA:17,4
DA:26,2
DA:28,8
DA:30,8
DA:31,8
DA:32,1
DA:33,1
DA:35,7
DA:37,7
DA:39,7
DA:41,7
DA:42,1
DA:43,1
DA:44,1
DA:45,1
DA:50,6
DA:63,6
DA:64,4
DA:66,4
DA:68,1
DA:69,1
DA:72,3
DA:73,0
DA:74,0
DA:75,0
DA:77,0
DA:81,3
DA:89,3
DA:90,3
DA:95,3
DA:96,3
DA:98,3
DA:99,0
DA:101,3
DA:103,2
DA:107,2
LF:42
LH:37
BRDA:31,0,0,1
BRDA:35,1,0,6
BRDA:35,2,0,6
BRDA:35,3,0,6
BRDA:35,4,0,6
BRDA:41,5,0,1
BRDA:43,6,0,1
BRDA:66,7,0,1
BRDA:72,8,0,0
BRDA:72,9,0,3
BRDA:72,9,1,0
BRDA:74,10,0,0
BRDA:89,11,0,3
BRDA:98,12,0,0
BRF:14
BRH:10
end_of_record
TN:
SF:src/routes/route.ts
FN:23,euclidean
FN:33,(anonymous_9)
FN:33,(anonymous_10)
FN:58,(anonymous_11)
FNF:4
FNH:4
FNDA:3,euclidean
FNDA:2,(anonymous_9)
FNDA:2,(anonymous_10)
FNDA:2,(anonymous_11)
DA:1,2
DA:2,2
DA:3,2
DA:24,3
DA:27,2
DA:31,2
DA:33,2
DA:35,2
DA:36,2
DA:37,1
DA:39,1
DA:41,1
DA:43,1
DA:58,2
DA:66,1
DA:67,1
DA:68,1
DA:69,1
DA:71,1
DA:72,2
DA:73,2
DA:74,2
DA:75,1
DA:76,1
DA:77,0
DA:78,0
DA:81,2
DA:82,2
DA:83,2
DA:84,2
DA:87,1
DA:89,0
DA:93,2
LF:33
LH:30
BRDA:36,0,0,1
BRDA:76,1,0,0
BRF:2
BRH:1
end_of_record
TN:
SF:src/routes/v1/index.ts
FNF:0
FNH:0
DA:2,2
DA:3,2
DA:4,2
DA:6,2
DA:9,2
DA:10,2
DA:12,2
LF:7
LH:7
BRF:0
BRH:0
end_of_record
